\BOOKMARK [0][]{Doc-Start}{List of Figures}{}% 1
\BOOKMARK [0][]{chapter*.1}{Acknowledgements}{}% 2
\BOOKMARK [0][]{chapter*.2}{Abstract}{}% 3
\BOOKMARK [0][]{chapter.1}{Chapter 1. Introduction}{}% 4
\BOOKMARK [0][]{chapter.2}{Chapter 2. Background and Definition}{}% 5
\BOOKMARK [1][]{section.2.1}{Background}{chapter.2}% 6
\BOOKMARK [1][]{section.2.2}{Definitions}{chapter.2}% 7
\BOOKMARK [0][]{chapter.3}{Chapter 3. Analysis of Directional Algorithm}{}% 8
\BOOKMARK [1][]{section.3.1}{Directional Algorithm}{chapter.3}% 9
\BOOKMARK [1][]{section.3.2}{Lower Bound Analysis}{chapter.3}% 10
\BOOKMARK [1][]{section.3.3}{Comparison}{chapter.3}% 11
\BOOKMARK [0][]{chapter.4}{Chapter 4. Analysis of Non-Directional Algorithm}{}% 12
\BOOKMARK [1][]{section.4.1}{Definition}{chapter.4}% 13
\BOOKMARK [1][]{section.4.2}{Analysis of three different cases of Non-Directional Algorithm}{chapter.4}% 14
\BOOKMARK [0][]{chapter.5}{Chapter 5. Experiment and Analysis for Algorithm's Versatility}{}% 15
\BOOKMARK [1][]{section.5.1}{Fibonacci Tree}{chapter.5}% 16
\BOOKMARK [1][]{section.5.2}{skew F-tree}{chapter.5}% 17
\BOOKMARK [0][]{chapter.6}{Chapter 6. Conclusion and Future Work}{}% 18
\BOOKMARK [0][]{chapter.1}{Appendix A. Detailed Calculation}{}% 19
\BOOKMARK [0][]{chapter*.14}{Complete References}{}% 20
